# JRE version: Java(TM) SE Runtime Environment (21.0.6+8) (build 21.0.6+8-LTS-188)
# Java VM: Java HotSpot(TM) 64-Bit Server VM (21.0.6+8-LTS-188, mixed mode, emulated-client, sharing, tiered, compressed oops, compressed class ptrs, g1 gc, windows-amd64)
GC Precious Log:
 CardTable entry size: 512
 Card Set container configuration: InlinePtr #cards 4 size 8 Array Of Cards #cards 16 size 48 Howl #buckets 8 coarsen threshold 3686 Howl Bitmap #cards 512 size 80 coarsen threshold 460 Card regions per heap region 1 cards per card region 4096
 CPUs: 12 total, 12 available
 Memory: 16055M
 Large Page Support: Disabled
 NUMA Support: Disabled
 Compressed Oops: Enabled (Zero based)
 Heap Region Size: 2M
 Heap Min Capacity: 8M
 Heap Initial Capacity: 252M
 Heap Max Capacity: 4014M
 Pre-touch: Disabled
 Parallel Workers: 10
 Concurrent Workers: 3
 Concurrent Refinement Workers: 10
 Periodic GC: Disabled
Heap:
 garbage-first heap   total 159744K, used 84752K [0x0000000705200000, 0x0000000800000000)
  region size 2048K, 19 young (38912K), 3 survivors (6144K)
 Metaspace       used 43079K, committed 43712K, reserved 1114112K
  class space    used 5901K, committed 6208K, reserved 1048576K
GC Heap History (20 events):
Event: 0.549 GC heap before
{Heap before GC invocations=0 (full 0):
 garbage-first heap   total 258048K, used 22528K [0x0000000705200000, 0x0000000800000000)
  region size 2048K, 11 young (22528K), 0 survivors (0K)
 Metaspace       used 6589K, committed 6784K, reserved 1114112K
  class space    used 728K, committed 832K, reserved 1048576K
}
Event: 0.554 GC heap after
{Heap after GC invocations=1 (full 0):
 garbage-first heap   total 258048K, used 5263K [0x0000000705200000, 0x0000000800000000)
  region size 2048K, 2 young (4096K), 2 survivors (4096K)
 Metaspace       used 6589K, committed 6784K, reserved 1114112K
  class space    used 728K, committed 832K, reserved 1048576K
}
Event: 0.807 GC heap before
{Heap before GC invocations=1 (full 0):
 garbage-first heap   total 258048K, used 35983K [0x0000000705200000, 0x0000000800000000)
  region size 2048K, 17 young (34816K), 2 survivors (4096K)
 Metaspace       used 9567K, committed 9792K, reserved 1114112K
  class space    used 1121K, committed 1216K, reserved 1048576K
}
Event: 0.811 GC heap after
{Heap after GC invocations=2 (full 0):
 garbage-first heap   total 258048K, used 7230K [0x0000000705200000, 0x0000000800000000)
  region size 2048K, 1 young (2048K), 1 survivors (2048K)
 Metaspace       used 9567K, committed 9792K, reserved 1114112K
  class space    used 1121K, committed 1216K, reserved 1048576K
}
Event: 1.214 GC heap before
{Heap before GC invocations=2 (full 0):
 garbage-first heap   total 258048K, used 76862K [0x0000000705200000, 0x0000000800000000)
  region size 2048K, 37 young (75776K), 1 survivors (2048K)
 Metaspace       used 16685K, committed 17152K, reserved 1114112K
  class space    used 2130K, committed 2368K, reserved 1048576K
}
Event: 1.218 GC heap after
{Heap after GC invocations=3 (full 0):
 garbage-first heap   total 258048K, used 9915K [0x0000000705200000, 0x0000000800000000)
  region size 2048K, 3 young (6144K), 3 survivors (6144K)
 Metaspace       used 16685K, committed 17152K, reserved 1114112K
  class space    used 2130K, committed 2368K, reserved 1048576K
}
Event: 1.317 GC heap before
{Heap before GC invocations=4 (full 0):
 garbage-first heap   total 49152K, used 46779K [0x0000000705200000, 0x0000000800000000)
  region size 2048K, 21 young (43008K), 3 survivors (6144K)
 Metaspace       used 19740K, committed 20160K, reserved 1114112K
  class space    used 2550K, committed 2752K, reserved 1048576K
}
Event: 1.321 GC heap after
{Heap after GC invocations=5 (full 0):
 garbage-first heap   total 55296K, used 10100K [0x0000000705200000, 0x0000000800000000)
  region size 2048K, 3 young (6144K), 3 survivors (6144K)
 Metaspace       used 19740K, committed 20160K, reserved 1114112K
  class space    used 2550K, committed 2752K, reserved 1048576K
}
Event: 1.454 GC heap before
{Heap before GC invocations=5 (full 0):
 garbage-first heap   total 55296K, used 34676K [0x0000000705200000, 0x0000000800000000)
  region size 2048K, 16 young (32768K), 3 survivors (6144K)
 Metaspace       used 21532K, committed 21952K, reserved 1114112K
  class space    used 2765K, committed 2944K, reserved 1048576K
}
Event: 1.459 GC heap after
{Heap after GC invocations=6 (full 0):
 garbage-first heap   total 55296K, used 11364K [0x0000000705200000, 0x0000000800000000)
  region size 2048K, 1 young (2048K), 1 survivors (2048K)
 Metaspace       used 21532K, committed 21952K, reserved 1114112K
  class space    used 2765K, committed 2944K, reserved 1048576K
}
Event: 1.675 GC heap before
{Heap before GC invocations=6 (full 0):
 garbage-first heap   total 55296K, used 40036K [0x0000000705200000, 0x0000000800000000)
  region size 2048K, 16 young (32768K), 1 survivors (2048K)
 Metaspace       used 22982K, committed 23488K, reserved 1114112K
  class space    used 2978K, committed 3200K, reserved 1048576K
}
Event: 1.678 GC heap after
{Heap after GC invocations=7 (full 0):
 garbage-first heap   total 157696K, used 12140K [0x0000000705200000, 0x0000000800000000)
  region size 2048K, 2 young (4096K), 2 survivors (4096K)
 Metaspace       used 22982K, committed 23488K, reserved 1114112K
  class space    used 2978K, committed 3200K, reserved 1048576K
}
Event: 2.025 GC heap before
{Heap before GC invocations=7 (full 0):
 garbage-first heap   total 157696K, used 73580K [0x0000000705200000, 0x0000000800000000)
  region size 2048K, 33 young (67584K), 2 survivors (4096K)
 Metaspace       used 28327K, committed 28800K, reserved 1114112K
  class space    used 3842K, committed 4096K, reserved 1048576K
}
Event: 2.029 GC heap after
{Heap after GC invocations=8 (full 0):
 garbage-first heap   total 157696K, used 14273K [0x0000000705200000, 0x0000000800000000)
  region size 2048K, 3 young (6144K), 3 survivors (6144K)
 Metaspace       used 28327K, committed 28800K, reserved 1114112K
  class space    used 3842K, committed 4096K, reserved 1048576K
}
Event: 2.280 GC heap before
{Heap before GC invocations=9 (full 0):
 garbage-first heap   total 61440K, used 44993K [0x0000000705200000, 0x0000000800000000)
  region size 2048K, 18 young (36864K), 3 survivors (6144K)
 Metaspace       used 32103K, committed 32640K, reserved 1114112K
  class space    used 4375K, committed 4608K, reserved 1048576K
}
Event: 2.286 GC heap after
{Heap after GC invocations=10 (full 0):
 garbage-first heap   total 61440K, used 16510K [0x0000000705200000, 0x0000000800000000)
  region size 2048K, 3 young (6144K), 3 survivors (6144K)
 Metaspace       used 32103K, committed 32640K, reserved 1114112K
  class space    used 4375K, committed 4608K, reserved 1048576K
}
Event: 2.445 GC heap before
{Heap before GC invocations=10 (full 0):
 garbage-first heap   total 61440K, used 45182K [0x0000000705200000, 0x0000000800000000)
  region size 2048K, 18 young (36864K), 3 survivors (6144K)
 Metaspace       used 35099K, committed 35712K, reserved 1114112K
  class space    used 4822K, committed 5120K, reserved 1048576K
}
Event: 2.449 GC heap after
{Heap after GC invocations=11 (full 0):
 garbage-first heap   total 61440K, used 16751K [0x0000000705200000, 0x0000000800000000)
  region size 2048K, 2 young (4096K), 2 survivors (4096K)
 Metaspace       used 35099K, committed 35712K, reserved 1114112K
  class space    used 4822K, committed 5120K, reserved 1048576K
}
Event: 2.618 GC heap before
{Heap before GC invocations=11 (full 0):
 garbage-first heap   total 61440K, used 47471K [0x0000000705200000, 0x0000000800000000)
  region size 2048K, 18 young (36864K), 2 survivors (4096K)
 Metaspace       used 39404K, committed 40000K, reserved 1114112K
  class space    used 5384K, committed 5632K, reserved 1048576K
}
Event: 2.622 GC heap after
{Heap after GC invocations=12 (full 0):
 garbage-first heap   total 159744K, used 19216K [0x0000000705200000, 0x0000000800000000)
  region size 2048K, 3 young (6144K), 3 survivors (6144K)
 Metaspace       used 39404K, committed 40000K, reserved 1114112K
  class space    used 5384K, committed 5632K, reserved 1048576K
}

